<?xml version="1.0" encoding="UTF-8"?>
<!-- Generated by org.testng.reporters.JUnitReportReporter -->
<testsuite skipped="0" hostname="DESKTOP-8M22I0Q" name="test.ExtentReportsDemoTestNG" tests="1" failures="0" timestamp="12 Aug 2019 23:47:21 GMT" time="0.016" errors="0">
  <testcase name="test123" time="0.016" classname="test.ExtentReportsDemoTestNG"/>
</testsuite> <!-- test.ExtentReportsDemoTestNG -->
