<?xml version="1.0" encoding="UTF-8"?>
<!-- Generated by org.testng.reporters.JUnitReportReporter -->
<testsuite skipped="0" hostname="DESKTOP-8M22I0Q" name="test.TestNG_demo" tests="1" failures="0" timestamp="11 Aug 2019 15:18:48 GMT" time="3.121" errors="0">
  <testcase name="googleSearch" time="3.121" classname="test.TestNG_demo"/>
</testsuite> <!-- test.TestNG_demo -->
